<?xml version="1.0" encoding="UTF-8"?>
<!-- Generated by org.testng.reporters.JUnitXMLReporter -->
<testsuite ignored="0" hostname="DESKTOP-K7J2E45" failures="0" tests="2" name="Default test" time="47.996" errors="0" timestamp="2023-09-30T19:49:03 IST">
  <testcase classname="com.opencart.testLayer.LoginTest" name="validateloggingintotheApplicationusinginvalidcredentials" time="3.688"/>
  <testcase classname="com.opencart.testLayer.LoginTest" name="validateloggingintotheApplicationusingvalidcredentials" time="3.648"/>
</testsuite> <!-- Default test -->
