<?xml version="1.0" encoding="UTF-8"?>
<testng-results ignored="0" total="2" passed="2" failed="0" skipped="0">
  <reporter-output>
  </reporter-output>
  <suite started-at="2023-09-30T19:48:15 IST" name="Default suite" finished-at="2023-09-30T19:49:03 IST" duration-ms="47996">
    <groups>
    </groups>
    <test started-at="2023-09-30T19:48:15 IST" name="Default test" finished-at="2023-09-30T19:49:03 IST" duration-ms="47996">
      <class name="com.opencart.testLayer.LoginTest">
        <test-method is-config="true" signature="start()[pri:0, instance:com.opencart.testLayer.LoginTest@62379589]" started-at="2023-09-30T19:48:15 IST" name="start" finished-at="2023-09-30T19:48:15 IST" duration-ms="332" status="PASS">
          <reporter-output>
          </reporter-output>
        </test-method> <!-- start -->
        <test-method is-config="true" signature="setup()[pri:0, instance:com.opencart.testLayer.LoginTest@62379589]" started-at="2023-09-30T19:48:15 IST" name="setup" finished-at="2023-09-30T19:48:34 IST" duration-ms="18554" status="PASS">
          <reporter-output>
          </reporter-output>
        </test-method> <!-- setup -->
        <test-method signature="validateloggingintotheApplicationusinginvalidcredentials()[pri:0, instance:com.opencart.testLayer.LoginTest@62379589]" started-at="2023-09-30T19:48:34 IST" name="validateloggingintotheApplicationusinginvalidcredentials" finished-at="2023-09-30T19:48:38 IST" duration-ms="3688" status="PASS">
          <reporter-output>
          </reporter-output>
        </test-method> <!-- validateloggingintotheApplicationusinginvalidcredentials -->
        <test-method is-config="true" signature="tearDown()[pri:0, instance:com.opencart.testLayer.LoginTest@62379589]" started-at="2023-09-30T19:48:38 IST" name="tearDown" finished-at="2023-09-30T19:48:40 IST" duration-ms="2498" status="PASS">
          <reporter-output>
          </reporter-output>
        </test-method> <!-- tearDown -->
        <test-method is-config="true" signature="setup()[pri:0, instance:com.opencart.testLayer.LoginTest@62379589]" started-at="2023-09-30T19:48:40 IST" name="setup" finished-at="2023-09-30T19:48:56 IST" duration-ms="16271" status="PASS">
          <reporter-output>
          </reporter-output>
        </test-method> <!-- setup -->
        <test-method signature="validateloggingintotheApplicationusingvalidcredentials()[pri:0, instance:com.opencart.testLayer.LoginTest@62379589]" started-at="2023-09-30T19:48:56 IST" name="validateloggingintotheApplicationusingvalidcredentials" finished-at="2023-09-30T19:49:00 IST" duration-ms="3648" status="PASS">
          <reporter-output>
          </reporter-output>
        </test-method> <!-- validateloggingintotheApplicationusingvalidcredentials -->
        <test-method is-config="true" signature="tearDown()[pri:0, instance:com.opencart.testLayer.LoginTest@62379589]" started-at="2023-09-30T19:49:00 IST" name="tearDown" finished-at="2023-09-30T19:49:03 IST" duration-ms="2860" status="PASS">
          <reporter-output>
          </reporter-output>
        </test-method> <!-- tearDown -->
        <test-method is-config="true" signature="end()[pri:0, instance:com.opencart.testLayer.LoginTest@62379589]" started-at="2023-09-30T19:49:03 IST" name="end" finished-at="2023-09-30T19:49:03 IST" duration-ms="0" status="PASS">
          <reporter-output>
          </reporter-output>
        </test-method> <!-- end -->
      </class> <!-- com.opencart.testLayer.LoginTest -->
    </test> <!-- Default test -->
  </suite> <!-- Default suite -->
</testng-results>
